# JRE version: OpenJDK Runtime Environment (24.0.1+9) (build 24.0.1+9-30)
# Java VM: OpenJDK 64-Bit Server VM (24.0.1+9-30, mixed mode, sharing, tiered, compressed oops, compressed class ptrs, g1 gc, windows-amd64)
GC Precious Log:
 CardTable entry size: 512
 Card Set container configuration: InlinePtr #cards 5 size 8 Array Of Cards #cards 10 size 36 Howl #buckets 4 coarsen threshold 1843 Howl Bitmap #cards 512 size 80 coarsen threshold 460 Card regions per heap region 1 cards per card region 2048
 CPUs: 8 total, 8 available
 Memory: 8078M
 Large Page Support: Disabled
 NUMA Support: Disabled
 Compressed Oops: Enabled (32-bit)
 Heap Region Size: 1M
 Heap Min Capacity: 8M
 Heap Initial Capacity: 128M
 Heap Max Capacity: 2020M
 Pre-touch: Disabled
 Parallel Workers: 8
 Concurrent Workers: 2
 Concurrent Refinement Workers: 8
 Periodic GC: Disabled
Heap:
 garbage-first heap   total reserved 2068480K, committed 155648K, used 83983K [0x0000000081c00000, 0x0000000100000000)
  region size 1024K, 25 young (25600K), 2 survivors (2048K)
 Metaspace       used 31538K, committed 32064K, reserved 1114112K
  class space    used 3088K, committed 3328K, reserved 1048576K
GC Heap History (16 events):
Event: 2.103 GC heap before
{Heap before GC invocations=0 (full 0):
 garbage-first heap   total reserved 2068480K, committed 133120K, used 49264K [0x0000000081c00000, 0x0000000100000000)
  region size 1024K, 47 young (48128K), 0 survivors (0K)
 Metaspace       used 9756K, committed 9984K, reserved 1114112K
  class space    used 892K, committed 1024K, reserved 1048576K
}
Event: 2.119 GC heap after
{Heap after GC invocations=1 (full 0):
 garbage-first heap   total reserved 2068480K, committed 133120K, used 5744K [0x0000000081c00000, 0x0000000100000000)
  region size 1024K, 5 young (5120K), 5 survivors (5120K)
 Metaspace       used 9756K, committed 9984K, reserved 1114112K
  class space    used 892K, committed 1024K, reserved 1048576K
}
Event: 4.681 GC heap before
{Heap before GC invocations=1 (full 0):
 garbage-first heap   total reserved 2068480K, committed 133120K, used 62064K [0x0000000081c00000, 0x0000000100000000)
  region size 1024K, 60 young (61440K), 5 survivors (5120K)
 Metaspace       used 15728K, committed 16000K, reserved 1114112K
  class space    used 1552K, committed 1664K, reserved 1048576K
}
Event: 4.708 GC heap after
{Heap after GC invocations=2 (full 0):
 garbage-first heap   total reserved 2068480K, committed 133120K, used 12929K [0x0000000081c00000, 0x0000000100000000)
  region size 1024K, 8 young (8192K), 8 survivors (8192K)
 Metaspace       used 15728K, committed 16000K, reserved 1114112K
  class space    used 1552K, committed 1664K, reserved 1048576K
}
Event: 6.372 GC heap before
{Heap before GC invocations=2 (full 0):
 garbage-first heap   total reserved 2068480K, committed 133120K, used 74369K [0x0000000081c00000, 0x0000000100000000)
  region size 1024K, 68 young (69632K), 8 survivors (8192K)
 Metaspace       used 16251K, committed 16576K, reserved 1114112K
  class space    used 1556K, committed 1728K, reserved 1048576K
}
Event: 6.390 GC heap after
{Heap after GC invocations=3 (full 0):
 garbage-first heap   total reserved 2068480K, committed 133120K, used 16630K [0x0000000081c00000, 0x0000000100000000)
  region size 1024K, 4 young (4096K), 4 survivors (4096K)
 Metaspace       used 16251K, committed 16576K, reserved 1114112K
  class space    used 1556K, committed 1728K, reserved 1048576K
}
Event: 8.459 GC heap before
{Heap before GC invocations=3 (full 0):
 garbage-first heap   total reserved 2068480K, committed 133120K, used 83190K [0x0000000081c00000, 0x0000000100000000)
  region size 1024K, 69 young (70656K), 4 survivors (4096K)
 Metaspace       used 17925K, committed 18240K, reserved 1114112K
  class space    used 1701K, committed 1792K, reserved 1048576K
}
Event: 8.472 GC heap after
{Heap after GC invocations=4 (full 0):
 garbage-first heap   total reserved 2068480K, committed 133120K, used 18891K [0x0000000081c00000, 0x0000000100000000)
  region size 1024K, 6 young (6144K), 6 survivors (6144K)
 Metaspace       used 17925K, committed 18240K, reserved 1114112K
  class space    used 1701K, committed 1792K, reserved 1048576K
}
Event: 9.993 GC heap before
{Heap before GC invocations=4 (full 0):
 garbage-first heap   total reserved 2068480K, committed 133120K, used 62923K [0x0000000081c00000, 0x0000000100000000)
  region size 1024K, 43 young (44032K), 6 survivors (6144K)
 Metaspace       used 21162K, committed 21504K, reserved 1114112K
  class space    used 2016K, committed 2176K, reserved 1048576K
}
Event: 10.012 GC heap after
{Heap after GC invocations=5 (full 0):
 garbage-first heap   total reserved 2068480K, committed 133120K, used 27813K [0x0000000081c00000, 0x0000000100000000)
  region size 1024K, 8 young (8192K), 8 survivors (8192K)
 Metaspace       used 21162K, committed 21504K, reserved 1114112K
  class space    used 2016K, committed 2176K, reserved 1048576K
}
Event: 11.392 GC heap before
{Heap before GC invocations=6 (full 0):
 garbage-first heap   total reserved 2068480K, committed 99328K, used 96421K [0x0000000081c00000, 0x0000000100000000)
  region size 1024K, 71 young (72704K), 8 survivors (8192K)
 Metaspace       used 26279K, committed 26688K, reserved 1114112K
  class space    used 2536K, committed 2688K, reserved 1048576K
}
Event: 11.445 GC heap after
{Heap after GC invocations=7 (full 0):
 garbage-first heap   total reserved 2068480K, committed 129024K, used 51347K [0x0000000081c00000, 0x0000000100000000)
  region size 1024K, 10 young (10240K), 10 survivors (10240K)
 Metaspace       used 26279K, committed 26688K, reserved 1114112K
  class space    used 2536K, committed 2688K, reserved 1048576K
}
Event: 13.305 GC heap before
{Heap before GC invocations=7 (full 0):
 garbage-first heap   total reserved 2068480K, committed 129024K, used 98451K [0x0000000081c00000, 0x0000000100000000)
  region size 1024K, 57 young (58368K), 10 survivors (10240K)
 Metaspace       used 28335K, committed 28736K, reserved 1114112K
  class space    used 2744K, committed 2944K, reserved 1048576K
}
Event: 13.326 GC heap after
{Heap after GC invocations=8 (full 0):
 garbage-first heap   total reserved 2068480K, committed 129024K, used 59956K [0x0000000081c00000, 0x0000000100000000)
  region size 1024K, 7 young (7168K), 7 survivors (7168K)
 Metaspace       used 28335K, committed 28736K, reserved 1114112K
  class space    used 2744K, committed 2944K, reserved 1048576K
}
Event: 15.081 GC heap before
{Heap before GC invocations=8 (full 0):
 garbage-first heap   total reserved 2068480K, committed 129024K, used 103988K [0x0000000081c00000, 0x0000000100000000)
  region size 1024K, 50 young (51200K), 7 survivors (7168K)
 Metaspace       used 29793K, committed 30336K, reserved 1114112K
  class space    used 2878K, committed 3136K, reserved 1048576K
}
Event: 15.099 GC heap after
{Heap after GC invocations=9 (full 0):
 garbage-first heap   total reserved 2068480K, committed 155648K, used 61455K [0x0000000081c00000, 0x0000000100000000)
  region size 1024K, 2 young (2048K), 2 survivors (2048K)
 Metaspace       used 29793K, committed 30336K, reserved 1114112K
  class space    used 2878K, committed 3136K, reserved 1048576K
}

